[02-Nov-2018 21:05:46 UTC] PHP Fatal error:  Call to undefined function functionName() in /home/ubuntu/workspace/cst336/labs/lab5/index.php on line 38
[02-Nov-2018 21:05:46 UTC] PHP Stack trace:
[02-Nov-2018 21:05:46 UTC] PHP   1. {main}() /home/ubuntu/workspace/cst336/labs/lab5/index.php:0
[02-Nov-2018 21:29:50 UTC] PHP Fatal error:  Uncaught exception 'PDOException' with message 'SQLSTATE[42000]: Syntax error or access violation: 1064 You have an error in your SQL syntax; check the manual that corresponds to your MySQL server version for the right syntax to use near 'catId = '7'' at line 1' in /home/ubuntu/workspace/cst336/labs/lab5/index.php:42
Stack trace:
#0 /home/ubuntu/workspace/cst336/labs/lab5/index.php(42): PDOStatement->execute(Array)
#1 /home/ubuntu/workspace/cst336/labs/lab5/index.php(89): displaySearchResults()
#2 {main}
  thrown in /home/ubuntu/workspace/cst336/labs/lab5/index.php on line 42
[02-Nov-2018 21:29:58 UTC] PHP Fatal error:  Uncaught exception 'PDOException' with message 'SQLSTATE[42000]: Syntax error or access violation: 1064 You have an error in your SQL syntax; check the manual that corresponds to your MySQL server version for the right syntax to use near 'catId = '7'' at line 1' in /home/ubuntu/workspace/cst336/labs/lab5/index.php:42
Stack trace:
#0 /home/ubuntu/workspace/cst336/labs/lab5/index.php(42): PDOStatement->execute(Array)
#1 /home/ubuntu/workspace/cst336/labs/lab5/index.php(89): displaySearchResults()
#2 {main}
  thrown in /home/ubuntu/workspace/cst336/labs/lab5/index.php on line 42
[02-Nov-2018 21:30:07 UTC] PHP Fatal error:  Uncaught exception 'PDOException' with message 'SQLSTATE[42000]: Syntax error or access violation: 1064 You have an error in your SQL syntax; check the manual that corresponds to your MySQL server version for the right syntax to use near 'catId = '2'' at line 1' in /home/ubuntu/workspace/cst336/labs/lab5/index.php:42
Stack trace:
#0 /home/ubuntu/workspace/cst336/labs/lab5/index.php(42): PDOStatement->execute(Array)
#1 /home/ubuntu/workspace/cst336/labs/lab5/index.php(89): displaySearchResults()
#2 {main}
  thrown in /home/ubuntu/workspace/cst336/labs/lab5/index.php on line 42
[02-Nov-2018 21:30:18 UTC] PHP Fatal error:  Uncaught exception 'PDOException' with message 'SQLSTATE[42000]: Syntax error or access violation: 1064 You have an error in your SQL syntax; check the manual that corresponds to your MySQL server version for the right syntax to use near 'catId = '4'' at line 1' in /home/ubuntu/workspace/cst336/labs/lab5/index.php:42
Stack trace:
#0 /home/ubuntu/workspace/cst336/labs/lab5/index.php(42): PDOStatement->execute(Array)
#1 /home/ubuntu/workspace/cst336/labs/lab5/index.php(89): displaySearchResults()
#2 {main}
  thrown in /home/ubuntu/workspace/cst336/labs/lab5/index.php on line 42
[02-Nov-2018 21:32:15 UTC] PHP Fatal error:  Uncaught exception 'PDOException' with message 'SQLSTATE[42000]: Syntax error or access violation: 1064 You have an error in your SQL syntax; check the manual that corresponds to your MySQL server version for the right syntax to use near 'productName LIKE '%video%'' at line 1' in /home/ubuntu/workspace/cst336/labs/lab5/index.php:42
Stack trace:
#0 /home/ubuntu/workspace/cst336/labs/lab5/index.php(42): PDOStatement->execute(Array)
#1 /home/ubuntu/workspace/cst336/labs/lab5/index.php(89): displaySearchResults()
#2 {main}
  thrown in /home/ubuntu/workspace/cst336/labs/lab5/index.php on line 42
[02-Nov-2018 21:33:55 UTC] PHP Parse error:  syntax error, unexpected ';' in /home/ubuntu/workspace/cst336/labs/lab5/index.php on line 4
[02-Nov-2018 21:34:07 UTC] PHP Fatal error:  Uncaught exception 'PDOException' with message 'SQLSTATE[42000]: Syntax error or access violation: 1064 You have an error in your SQL syntax; check the manual that corresponds to your MySQL server version for the right syntax to use near 'productName LIKE '%video%'' at line 1' in /home/ubuntu/workspace/cst336/labs/lab5/index.php:42
Stack trace:
#0 /home/ubuntu/workspace/cst336/labs/lab5/index.php(42): PDOStatement->execute(Array)
#1 /home/ubuntu/workspace/cst336/labs/lab5/index.php(89): displaySearchResults()
#2 {main}
  thrown in /home/ubuntu/workspace/cst336/labs/lab5/index.php on line 42
[02-Nov-2018 21:34:11 UTC] PHP Fatal error:  Uncaught exception 'PDOException' with message 'SQLSTATE[42000]: Syntax error or access violation: 1064 You have an error in your SQL syntax; check the manual that corresponds to your MySQL server version for the right syntax to use near 'productName LIKE '%video%'' at line 1' in /home/ubuntu/workspace/cst336/labs/lab5/index.php:42
Stack trace:
#0 /home/ubuntu/workspace/cst336/labs/lab5/index.php(42): PDOStatement->execute(Array)
#1 /home/ubuntu/workspace/cst336/labs/lab5/index.php(89): displaySearchResults()
#2 {main}
  thrown in /home/ubuntu/workspace/cst336/labs/lab5/index.php on line 42
[02-Nov-2018 21:34:33 UTC] PHP Fatal error:  Uncaught exception 'PDOException' with message 'SQLSTATE[42000]: Syntax error or access violation: 1064 You have an error in your SQL syntax; check the manual that corresponds to your MySQL server version for the right syntax to use near 'productName LIKE '%video%'' at line 1' in /home/ubuntu/workspace/cst336/labs/lab5/index.php:42
Stack trace:
#0 /home/ubuntu/workspace/cst336/labs/lab5/index.php(42): PDOStatement->execute(Array)
#1 /home/ubuntu/workspace/cst336/labs/lab5/index.php(89): displaySearchResults()
#2 {main}
  thrown in /home/ubuntu/workspace/cst336/labs/lab5/index.php on line 42
[02-Nov-2018 21:36:02 UTC] PHP Fatal error:  Uncaught exception 'PDOException' with message 'SQLSTATE[42000]: Syntax error or access violation: 1064 You have an error in your SQL syntax; check the manual that corresponds to your MySQL server version for the right syntax to use near 'productName LIKE '%video%'' at line 1' in /home/ubuntu/workspace/cst336/labs/lab5/index.php:44
Stack trace:
#0 /home/ubuntu/workspace/cst336/labs/lab5/index.php(44): PDOStatement->execute(Array)
#1 /home/ubuntu/workspace/cst336/labs/lab5/index.php(91): displaySearchResults()
#2 {main}
  thrown in /home/ubuntu/workspace/cst336/labs/lab5/index.php on line 44
[03-Nov-2018 01:36:20 UTC] PHP Fatal error:  Uncaught exception 'PDOException' with message 'SQLSTATE[HY093]: Invalid parameter number: parameter was not defined' in /home/ubuntu/workspace/cst336/labs/lab5/purchaseHistory.php:13
Stack trace:
#0 /home/ubuntu/workspace/cst336/labs/lab5/purchaseHistory.php(13): PDOStatement->execute(Array)
#1 {main}
  thrown in /home/ubuntu/workspace/cst336/labs/lab5/purchaseHistory.php on line 13
[03-Nov-2018 01:38:33 UTC] PHP Fatal error:  Uncaught exception 'PDOException' with message 'SQLSTATE[HY093]: Invalid parameter number: parameter was not defined' in /home/ubuntu/workspace/cst336/labs/lab5/purchaseHistory.php:13
Stack trace:
#0 /home/ubuntu/workspace/cst336/labs/lab5/purchaseHistory.php(13): PDOStatement->execute(Array)
#1 {main}
  thrown in /home/ubuntu/workspace/cst336/labs/lab5/purchaseHistory.php on line 13
[03-Nov-2018 01:57:44 UTC] PHP Parse error:  syntax error, unexpected '}', expecting ',' or ';' in /home/ubuntu/workspace/cst336/labs/lab5/index.php on line 69
